<?xml version="1.0" encoding="UTF-8"?>
<Site BuildName="(empty)"
	BuildStamp="20240808-0256-Experimental"
	Name="hao"
	Generator="ctest-3.27.1"
	CompilerName="/usr/bin/c++"
	CompilerVersion="9.4.0"
	OSName="Linux"
	Hostname="hao"
	OSRelease="5.15.0-113-generic"
	OSVersion="#123~20.04.1-Ubuntu SMP Wed Jun 12 17:33:13 UTC 2024"
	OSPlatform="x86_64"
	Is64Bits="1"
	VendorString="GenuineIntel"
	VendorID="Intel Corporation"
	FamilyID="6"
	ModelID="141"
	ProcessorCacheSize="12288"
	NumberOfLogicalCPU="12"
	NumberOfPhysicalCPU="6"
	TotalVirtualMemory="11718"
	TotalPhysicalMemory="15838"
	LogicalProcessorsPerPhysical="2"
	ProcessorClockFrequency="4100"
	>
	<Testing>
		<StartDateTime>Aug 08 10:56 CST</StartDateTime>
		<StartTestTime>1723085816</StartTestTime>
		<TestList/>
		<EndDateTime>Aug 08 10:56 CST</EndDateTime>
		<EndTestTime>1723085816</EndTestTime>
		<ElapsedMinutes>0</ElapsedMinutes>
	</Testing>
</Site>
